# ******* step 0 *******

[junction_report]
id = j1
time = 1
queues = 

[junction_report]
id = j2
time = 1
queues = (r1,green,[])
[road_report]
id = r1
time = 1
state = (v1,11),(v2,11)
[vehicle_report]
id = v1
time = 1
speed = 11
kilometrage = 11
faulty = 0
location = (r1,11)

[vehicle_report]
id = v2
time = 1
speed = 11
kilometrage = 11
faulty = 0
location = (r1,11)

# ******* step 1 *******

[junction_report]
id = j1
time = 2
queues = 

[junction_report]
id = j2
time = 2
queues = (r1,green,[])
[road_report]
id = r1
time = 2
state = (v1,22),(v2,22)
[vehicle_report]
id = v1
time = 2
speed = 11
kilometrage = 22
faulty = 0
location = (r1,22)

[vehicle_report]
id = v2
time = 2
speed = 11
kilometrage = 22
faulty = 0
location = (r1,22)

# ******* step 2 *******

[junction_report]
id = j1
time = 3
queues = 

[junction_report]
id = j2
time = 3
queues = (r1,green,[])
[road_report]
id = r1
time = 3
state = (v2,27),(v1,22)
[vehicle_report]
id = v1
time = 3
speed = 0
kilometrage = 22
faulty = 2
location = (r1,22)

[vehicle_report]
id = v2
time = 3
speed = 5
kilometrage = 27
faulty = 0
location = (r1,27)

# ******* step 3 *******

[junction_report]
id = j1
time = 4
queues = 

[junction_report]
id = j2
time = 4
queues = (r1,green,[])
[road_report]
id = r1
time = 4
state = (v2,38),(v1,22)
[vehicle_report]
id = v1
time = 4
speed = 0
kilometrage = 22
faulty = 1
location = (r1,22)

[vehicle_report]
id = v2
time = 4
speed = 11
kilometrage = 38
faulty = 0
location = (r1,38)

# ******* step 4 *******

[junction_report]
id = j1
time = 5
queues = 

[junction_report]
id = j2
time = 5
queues = (r1,green,[])
[road_report]
id = r1
time = 5
state = (v2,49),(v1,22)
[vehicle_report]
id = v1
time = 5
speed = 0
kilometrage = 22
faulty = 0
location = (r1,22)

[vehicle_report]
id = v2
time = 5
speed = 11
kilometrage = 49
faulty = 0
location = (r1,49)

# ******* step 5 *******

[junction_report]
id = j1
time = 6
queues = 

[junction_report]
id = j2
time = 6
queues = (r1,green,[])
[road_report]
id = r1
time = 6
state = (v2,60),(v1,33)
[vehicle_report]
id = v1
time = 6
speed = 11
kilometrage = 33
faulty = 0
location = (r1,33)

[vehicle_report]
id = v2
time = 6
speed = 11
kilometrage = 60
faulty = 0
location = (r1,60)

# ******* step 6 *******

[junction_report]
id = j1
time = 7
queues = 

[junction_report]
id = j2
time = 7
queues = (r1,green,[])
[road_report]
id = r1
time = 7
state = (v2,71),(v1,44)
[vehicle_report]
id = v1
time = 7
speed = 11
kilometrage = 44
faulty = 0
location = (r1,44)

[vehicle_report]
id = v2
time = 7
speed = 11
kilometrage = 71
faulty = 0
location = (r1,71)

# ******* step 7 *******

[junction_report]
id = j1
time = 8
queues = 

[junction_report]
id = j2
time = 8
queues = (r1,green,[])
[road_report]
id = r1
time = 8
state = (v2,82),(v1,55)
[vehicle_report]
id = v1
time = 8
speed = 11
kilometrage = 55
faulty = 0
location = (r1,55)

[vehicle_report]
id = v2
time = 8
speed = 11
kilometrage = 82
faulty = 0
location = (r1,82)

# ******* step 8 *******

[junction_report]
id = j1
time = 9
queues = 

[junction_report]
id = j2
time = 9
queues = (r1,green,[])
[road_report]
id = r1
time = 9
state = (v2,93),(v1,66)
[vehicle_report]
id = v1
time = 9
speed = 11
kilometrage = 66
faulty = 0
location = (r1,66)

[vehicle_report]
id = v2
time = 9
speed = 11
kilometrage = 93
faulty = 0
location = (r1,93)

# ******* step 9 *******

[junction_report]
id = j1
time = 10
queues = 

[junction_report]
id = j2
time = 10
queues = (r1,green,[])
[road_report]
id = r1
time = 10
state = (v1,77)
[vehicle_report]
id = v1
time = 10
speed = 11
kilometrage = 77
faulty = 0
location = (r1,77)

[vehicle_report]
id = v2
time = 10
speed = 0
kilometrage = 100
faulty = 0
location = arrived

# ******* step 10 *******

[junction_report]
id = j1
time = 11
queues = 

[junction_report]
id = j2
time = 11
queues = (r1,green,[])
[road_report]
id = r1
time = 11
state = (v1,97)
[vehicle_report]
id = v1
time = 11
speed = 20
kilometrage = 97
faulty = 0
location = (r1,97)

[vehicle_report]
id = v2
time = 11
speed = 0
kilometrage = 100
faulty = 0
location = arrived

# ******* step 11 *******

[junction_report]
id = j1
time = 12
queues = 

[junction_report]
id = j2
time = 12
queues = (r1,green,[])
[road_report]
id = r1
time = 12
state = 
[vehicle_report]
id = v1
time = 12
speed = 0
kilometrage = 100
faulty = 0
location = arrived

[vehicle_report]
id = v2
time = 12
speed = 0
kilometrage = 100
faulty = 0
location = arrived

# ******* step 12 *******

[junction_report]
id = j1
time = 13
queues = 

[junction_report]
id = j2
time = 13
queues = (r1,green,[])
[road_report]
id = r1
time = 13
state = 
[vehicle_report]
id = v1
time = 13
speed = 0
kilometrage = 100
faulty = 0
location = arrived

[vehicle_report]
id = v2
time = 13
speed = 0
kilometrage = 100
faulty = 0
location = arrived

# ******* step 13 *******

[junction_report]
id = j1
time = 14
queues = 

[junction_report]
id = j2
time = 14
queues = (r1,green,[])
[road_report]
id = r1
time = 14
state = 
[vehicle_report]
id = v1
time = 14
speed = 0
kilometrage = 100
faulty = 0
location = arrived

[vehicle_report]
id = v2
time = 14
speed = 0
kilometrage = 100
faulty = 0
location = arrived

# ******* step 14 *******

[junction_report]
id = j1
time = 15
queues = 

[junction_report]
id = j2
time = 15
queues = (r1,green,[])
[road_report]
id = r1
time = 15
state = 
[vehicle_report]
id = v1
time = 15
speed = 0
kilometrage = 100
faulty = 0
location = arrived

[vehicle_report]
id = v2
time = 15
speed = 0
kilometrage = 100
faulty = 0
location = arrived

# ******* step 15 *******

[junction_report]
id = j1
time = 16
queues = 

[junction_report]
id = j2
time = 16
queues = (r1,green,[])
[road_report]
id = r1
time = 16
state = 
[vehicle_report]
id = v1
time = 16
speed = 0
kilometrage = 100
faulty = 0
location = arrived

[vehicle_report]
id = v2
time = 16
speed = 0
kilometrage = 100
faulty = 0
location = arrived

# ******* step 16 *******

[junction_report]
id = j1
time = 17
queues = 

[junction_report]
id = j2
time = 17
queues = (r1,green,[])
[road_report]
id = r1
time = 17
state = 
[vehicle_report]
id = v1
time = 17
speed = 0
kilometrage = 100
faulty = 0
location = arrived

[vehicle_report]
id = v2
time = 17
speed = 0
kilometrage = 100
faulty = 0
location = arrived

# ******* step 17 *******

[junction_report]
id = j1
time = 18
queues = 

[junction_report]
id = j2
time = 18
queues = (r1,green,[])
[road_report]
id = r1
time = 18
state = 
[vehicle_report]
id = v1
time = 18
speed = 0
kilometrage = 100
faulty = 0
location = arrived

[vehicle_report]
id = v2
time = 18
speed = 0
kilometrage = 100
faulty = 0
location = arrived

# ******* step 18 *******

[junction_report]
id = j1
time = 19
queues = 

[junction_report]
id = j2
time = 19
queues = (r1,green,[])
[road_report]
id = r1
time = 19
state = 
[vehicle_report]
id = v1
time = 19
speed = 0
kilometrage = 100
faulty = 0
location = arrived

[vehicle_report]
id = v2
time = 19
speed = 0
kilometrage = 100
faulty = 0
location = arrived

# ******* step 19 *******

[junction_report]
id = j1
time = 20
queues = 

[junction_report]
id = j2
time = 20
queues = (r1,green,[])
[road_report]
id = r1
time = 20
state = 
[vehicle_report]
id = v1
time = 20
speed = 0
kilometrage = 100
faulty = 0
location = arrived

[vehicle_report]
id = v2
time = 20
speed = 0
kilometrage = 100
faulty = 0
location = arrived

