# ******* step 0 *******

[junction_report]
id = j1
time = 1
queues = 

[junction_report]
id = j2
time = 1
queues = (r1,green,[])
[road_report]
id = r1
time = 1
state = (v1,5)
[vehicle_report]
id = v1
time = 1
speed = 5
kilometrage = 5
faulty = 0
location = (r1,5)

# ******* step 1 *******

[junction_report]
id = j1
time = 2
queues = 

[junction_report]
id = j2
time = 2
queues = (r1,green,[])
[road_report]
id = r1
time = 2
state = (v1,10)
[vehicle_report]
id = v1
time = 2
speed = 5
kilometrage = 10
faulty = 0
location = (r1,10)

# ******* step 2 *******

[junction_report]
id = j1
time = 3
queues = 

[junction_report]
id = j2
time = 3
queues = (r1,green,[])
[road_report]
id = r1
time = 3
state = (v1,13),(v2,3)
[vehicle_report]
id = v1
time = 3
speed = 3
kilometrage = 13
faulty = 0
location = (r1,13)

[vehicle_report]
id = v2
time = 3
speed = 3
kilometrage = 3
faulty = 0
location = (r1,3)

# ******* step 3 *******

[junction_report]
id = j1
time = 4
queues = 

[junction_report]
id = j2
time = 4
queues = (r1,green,[])
[road_report]
id = r1
time = 4
state = (v1,16),(v2,6)
[vehicle_report]
id = v1
time = 4
speed = 3
kilometrage = 16
faulty = 0
location = (r1,16)

[vehicle_report]
id = v2
time = 4
speed = 3
kilometrage = 6
faulty = 0
location = (r1,6)

# ******* step 4 *******

[junction_report]
id = j1
time = 5
queues = 

[junction_report]
id = j2
time = 5
queues = (r1,green,[])
[road_report]
id = r1
time = 5
state = (v1,19),(v2,9)
[vehicle_report]
id = v1
time = 5
speed = 3
kilometrage = 19
faulty = 0
location = (r1,19)

[vehicle_report]
id = v2
time = 5
speed = 3
kilometrage = 9
faulty = 0
location = (r1,9)

# ******* step 5 *******

[junction_report]
id = j1
time = 6
queues = 

[junction_report]
id = j2
time = 6
queues = (r1,green,[])
[road_report]
id = r1
time = 6
state = (v1,22),(v2,12)
[vehicle_report]
id = v1
time = 6
speed = 3
kilometrage = 22
faulty = 0
location = (r1,22)

[vehicle_report]
id = v2
time = 6
speed = 3
kilometrage = 12
faulty = 0
location = (r1,12)

# ******* step 6 *******

[junction_report]
id = j1
time = 7
queues = 

[junction_report]
id = j2
time = 7
queues = (r1,green,[])
[road_report]
id = r1
time = 7
state = (v1,25),(v2,15)
[vehicle_report]
id = v1
time = 7
speed = 3
kilometrage = 25
faulty = 0
location = (r1,25)

[vehicle_report]
id = v2
time = 7
speed = 3
kilometrage = 15
faulty = 0
location = (r1,15)

# ******* step 7 *******

[junction_report]
id = j1
time = 8
queues = 

[junction_report]
id = j2
time = 8
queues = (r1,green,[])
[road_report]
id = r1
time = 8
state = (v1,28),(v2,18)
[vehicle_report]
id = v1
time = 8
speed = 3
kilometrage = 28
faulty = 0
location = (r1,28)

[vehicle_report]
id = v2
time = 8
speed = 3
kilometrage = 18
faulty = 0
location = (r1,18)

# ******* step 8 *******

[junction_report]
id = j1
time = 9
queues = 

[junction_report]
id = j2
time = 9
queues = (r1,green,[])
[road_report]
id = r1
time = 9
state = (v1,31),(v2,21)
[vehicle_report]
id = v1
time = 9
speed = 3
kilometrage = 31
faulty = 0
location = (r1,31)

[vehicle_report]
id = v2
time = 9
speed = 3
kilometrage = 21
faulty = 0
location = (r1,21)

# ******* step 9 *******

[junction_report]
id = j1
time = 10
queues = 

[junction_report]
id = j2
time = 10
queues = (r1,green,[])
[road_report]
id = r1
time = 10
state = (v1,34),(v2,24)
[vehicle_report]
id = v1
time = 10
speed = 3
kilometrage = 34
faulty = 0
location = (r1,34)

[vehicle_report]
id = v2
time = 10
speed = 3
kilometrage = 24
faulty = 0
location = (r1,24)

# ******* step 10 *******

[junction_report]
id = j1
time = 11
queues = 

[junction_report]
id = j2
time = 11
queues = (r1,green,[])
[road_report]
id = r1
time = 11
state = (v1,37),(v2,27)
[vehicle_report]
id = v1
time = 11
speed = 3
kilometrage = 37
faulty = 0
location = (r1,37)

[vehicle_report]
id = v2
time = 11
speed = 3
kilometrage = 27
faulty = 0
location = (r1,27)

# ******* step 11 *******

[junction_report]
id = j1
time = 12
queues = 

[junction_report]
id = j2
time = 12
queues = (r1,green,[])
[road_report]
id = r1
time = 12
state = (v1,40),(v2,30)
[vehicle_report]
id = v1
time = 12
speed = 3
kilometrage = 40
faulty = 0
location = (r1,40)

[vehicle_report]
id = v2
time = 12
speed = 3
kilometrage = 30
faulty = 0
location = (r1,30)

# ******* step 12 *******

[junction_report]
id = j1
time = 13
queues = 

[junction_report]
id = j2
time = 13
queues = (r1,green,[])
[road_report]
id = r1
time = 13
state = (v1,43),(v2,33)
[vehicle_report]
id = v1
time = 13
speed = 3
kilometrage = 43
faulty = 0
location = (r1,43)

[vehicle_report]
id = v2
time = 13
speed = 3
kilometrage = 33
faulty = 0
location = (r1,33)

# ******* step 13 *******

[junction_report]
id = j1
time = 14
queues = 

[junction_report]
id = j2
time = 14
queues = (r1,green,[])
[road_report]
id = r1
time = 14
state = (v1,46),(v2,36)
[vehicle_report]
id = v1
time = 14
speed = 3
kilometrage = 46
faulty = 0
location = (r1,46)

[vehicle_report]
id = v2
time = 14
speed = 3
kilometrage = 36
faulty = 0
location = (r1,36)

# ******* step 14 *******

[junction_report]
id = j1
time = 15
queues = 

[junction_report]
id = j2
time = 15
queues = (r1,green,[])
[road_report]
id = r1
time = 15
state = (v1,49),(v2,39)
[vehicle_report]
id = v1
time = 15
speed = 3
kilometrage = 49
faulty = 0
location = (r1,49)

[vehicle_report]
id = v2
time = 15
speed = 3
kilometrage = 39
faulty = 0
location = (r1,39)

# ******* step 15 *******

[junction_report]
id = j1
time = 16
queues = 

[junction_report]
id = j2
time = 16
queues = (r1,green,[])
[road_report]
id = r1
time = 16
state = (v1,52),(v2,42)
[vehicle_report]
id = v1
time = 16
speed = 3
kilometrage = 52
faulty = 0
location = (r1,52)

[vehicle_report]
id = v2
time = 16
speed = 3
kilometrage = 42
faulty = 0
location = (r1,42)

# ******* step 16 *******

[junction_report]
id = j1
time = 17
queues = 

[junction_report]
id = j2
time = 17
queues = (r1,green,[])
[road_report]
id = r1
time = 17
state = (v1,55),(v2,45)
[vehicle_report]
id = v1
time = 17
speed = 3
kilometrage = 55
faulty = 0
location = (r1,55)

[vehicle_report]
id = v2
time = 17
speed = 3
kilometrage = 45
faulty = 0
location = (r1,45)

# ******* step 17 *******

[junction_report]
id = j1
time = 18
queues = 

[junction_report]
id = j2
time = 18
queues = (r1,green,[])
[road_report]
id = r1
time = 18
state = (v1,58),(v2,48)
[vehicle_report]
id = v1
time = 18
speed = 3
kilometrage = 58
faulty = 0
location = (r1,58)

[vehicle_report]
id = v2
time = 18
speed = 3
kilometrage = 48
faulty = 0
location = (r1,48)

# ******* step 18 *******

[junction_report]
id = j1
time = 19
queues = 

[junction_report]
id = j2
time = 19
queues = (r1,green,[])
[road_report]
id = r1
time = 19
state = (v1,61),(v2,51)
[vehicle_report]
id = v1
time = 19
speed = 3
kilometrage = 61
faulty = 0
location = (r1,61)

[vehicle_report]
id = v2
time = 19
speed = 3
kilometrage = 51
faulty = 0
location = (r1,51)

# ******* step 19 *******

[junction_report]
id = j1
time = 20
queues = 

[junction_report]
id = j2
time = 20
queues = (r1,green,[])
[road_report]
id = r1
time = 20
state = (v1,64),(v2,54)
[vehicle_report]
id = v1
time = 20
speed = 3
kilometrage = 64
faulty = 0
location = (r1,64)

[vehicle_report]
id = v2
time = 20
speed = 3
kilometrage = 54
faulty = 0
location = (r1,54)

