# ******* step 0 *******

[junction_report]
id = j1
time = 1
queues = 

[junction_report]
id = j2
time = 1
queues = (r1,green,[])
[road_report]
id = r1
time = 1
state = (v1,10)
[vehicle_report]
id = v1
time = 1
speed = 10
kilometrage = 10
faulty = 0
location = (r1,10)

# ******* step 1 *******

[junction_report]
id = j1
time = 2
queues = 

[junction_report]
id = j2
time = 2
queues = (r1,green,[])
[road_report]
id = r1
time = 2
state = (v1,10)
[vehicle_report]
id = v1
time = 2
speed = 0
kilometrage = 10
faulty = 2
location = (r1,10)

# ******* step 2 *******

[junction_report]
id = j1
time = 3
queues = 

[junction_report]
id = j2
time = 3
queues = (r1,green,[])
[road_report]
id = r1
time = 3
state = (v1,10),(v2,10)
[vehicle_report]
id = v1
time = 3
speed = 0
kilometrage = 10
faulty = 1
location = (r1,10)

[vehicle_report]
id = v2
time = 3
speed = 10
kilometrage = 10
faulty = 0
location = (r1,10)

# ******* step 3 *******

[junction_report]
id = j1
time = 4
queues = 

[junction_report]
id = j2
time = 4
queues = (r1,green,[])
[road_report]
id = r1
time = 4
state = (v1,10),(v2,10)
[vehicle_report]
id = v1
time = 4
speed = 0
kilometrage = 10
faulty = 0
location = (r1,10)

[vehicle_report]
id = v2
time = 4
speed = 0
kilometrage = 10
faulty = 2
location = (r1,10)

# ******* step 4 *******

[junction_report]
id = j1
time = 5
queues = 

[junction_report]
id = j2
time = 5
queues = (r1,green,[])
[road_report]
id = r1
time = 5
state = (v1,20),(v2,10),(v3,10)
[vehicle_report]
id = v1
time = 5
speed = 10
kilometrage = 20
faulty = 0
location = (r1,20)

[vehicle_report]
id = v2
time = 5
speed = 0
kilometrage = 10
faulty = 1
location = (r1,10)

[vehicle_report]
id = v3
time = 5
speed = 10
kilometrage = 10
faulty = 0
location = (r1,10)

# ******* step 5 *******

[junction_report]
id = j1
time = 6
queues = 

[junction_report]
id = j2
time = 6
queues = (r1,green,[])
[road_report]
id = r1
time = 6
state = (v1,30),(v3,20),(v2,10)
[vehicle_report]
id = v1
time = 6
speed = 10
kilometrage = 30
faulty = 0
location = (r1,30)

[vehicle_report]
id = v2
time = 6
speed = 0
kilometrage = 10
faulty = 0
location = (r1,10)

[vehicle_report]
id = v3
time = 6
speed = 10
kilometrage = 20
faulty = 0
location = (r1,20)

# ******* step 6 *******

[junction_report]
id = j1
time = 7
queues = 

[junction_report]
id = j2
time = 7
queues = (r1,green,[])
[road_report]
id = r1
time = 7
state = (v1,40),(v3,30),(v2,20)
[vehicle_report]
id = v1
time = 7
speed = 10
kilometrage = 40
faulty = 0
location = (r1,40)

[vehicle_report]
id = v2
time = 7
speed = 10
kilometrage = 20
faulty = 0
location = (r1,20)

[vehicle_report]
id = v3
time = 7
speed = 10
kilometrage = 30
faulty = 0
location = (r1,30)

# ******* step 7 *******

[junction_report]
id = j1
time = 8
queues = 

[junction_report]
id = j2
time = 8
queues = (r1,green,[])
[road_report]
id = r1
time = 8
state = (v1,50),(v3,40),(v2,30)
[vehicle_report]
id = v1
time = 8
speed = 10
kilometrage = 50
faulty = 0
location = (r1,50)

[vehicle_report]
id = v2
time = 8
speed = 10
kilometrage = 30
faulty = 0
location = (r1,30)

[vehicle_report]
id = v3
time = 8
speed = 10
kilometrage = 40
faulty = 0
location = (r1,40)

# ******* step 8 *******

[junction_report]
id = j1
time = 9
queues = 

[junction_report]
id = j2
time = 9
queues = (r1,green,[])
[road_report]
id = r1
time = 9
state = (v1,60),(v3,50),(v2,40)
[vehicle_report]
id = v1
time = 9
speed = 10
kilometrage = 60
faulty = 0
location = (r1,60)

[vehicle_report]
id = v2
time = 9
speed = 10
kilometrage = 40
faulty = 0
location = (r1,40)

[vehicle_report]
id = v3
time = 9
speed = 10
kilometrage = 50
faulty = 0
location = (r1,50)

# ******* step 9 *******

[junction_report]
id = j1
time = 10
queues = 

[junction_report]
id = j2
time = 10
queues = (r1,green,[])
[road_report]
id = r1
time = 10
state = (v1,70),(v3,60),(v2,50)
[vehicle_report]
id = v1
time = 10
speed = 10
kilometrage = 70
faulty = 0
location = (r1,70)

[vehicle_report]
id = v2
time = 10
speed = 10
kilometrage = 50
faulty = 0
location = (r1,50)

[vehicle_report]
id = v3
time = 10
speed = 10
kilometrage = 60
faulty = 0
location = (r1,60)

# ******* step 10 *******

[junction_report]
id = j1
time = 11
queues = 

[junction_report]
id = j2
time = 11
queues = (r1,green,[])
[road_report]
id = r1
time = 11
state = (v1,80),(v3,70),(v2,60)
[vehicle_report]
id = v1
time = 11
speed = 10
kilometrage = 80
faulty = 0
location = (r1,80)

[vehicle_report]
id = v2
time = 11
speed = 10
kilometrage = 60
faulty = 0
location = (r1,60)

[vehicle_report]
id = v3
time = 11
speed = 10
kilometrage = 70
faulty = 0
location = (r1,70)

# ******* step 11 *******

[junction_report]
id = j1
time = 12
queues = 

[junction_report]
id = j2
time = 12
queues = (r1,green,[])
[road_report]
id = r1
time = 12
state = (v1,90),(v3,80),(v2,70)
[vehicle_report]
id = v1
time = 12
speed = 10
kilometrage = 90
faulty = 0
location = (r1,90)

[vehicle_report]
id = v2
time = 12
speed = 10
kilometrage = 70
faulty = 0
location = (r1,70)

[vehicle_report]
id = v3
time = 12
speed = 10
kilometrage = 80
faulty = 0
location = (r1,80)

# ******* step 12 *******

[junction_report]
id = j1
time = 13
queues = 

[junction_report]
id = j2
time = 13
queues = (r1,green,[])
[road_report]
id = r1
time = 13
state = (v3,90),(v2,80)
[vehicle_report]
id = v1
time = 13
speed = 0
kilometrage = 100
faulty = 0
location = arrived

[vehicle_report]
id = v2
time = 13
speed = 10
kilometrage = 80
faulty = 0
location = (r1,80)

[vehicle_report]
id = v3
time = 13
speed = 10
kilometrage = 90
faulty = 0
location = (r1,90)

# ******* step 13 *******

[junction_report]
id = j1
time = 14
queues = 

[junction_report]
id = j2
time = 14
queues = (r1,green,[])
[road_report]
id = r1
time = 14
state = (v2,90)
[vehicle_report]
id = v1
time = 14
speed = 0
kilometrage = 100
faulty = 0
location = arrived

[vehicle_report]
id = v2
time = 14
speed = 10
kilometrage = 90
faulty = 0
location = (r1,90)

[vehicle_report]
id = v3
time = 14
speed = 0
kilometrage = 100
faulty = 0
location = arrived

# ******* step 14 *******

[junction_report]
id = j1
time = 15
queues = 

[junction_report]
id = j2
time = 15
queues = (r1,green,[])
[road_report]
id = r1
time = 15
state = 
[vehicle_report]
id = v1
time = 15
speed = 0
kilometrage = 100
faulty = 0
location = arrived

[vehicle_report]
id = v2
time = 15
speed = 0
kilometrage = 100
faulty = 0
location = arrived

[vehicle_report]
id = v3
time = 15
speed = 0
kilometrage = 100
faulty = 0
location = arrived

# ******* step 15 *******

[junction_report]
id = j1
time = 16
queues = 

[junction_report]
id = j2
time = 16
queues = (r1,green,[])
[road_report]
id = r1
time = 16
state = 
[vehicle_report]
id = v1
time = 16
speed = 0
kilometrage = 100
faulty = 0
location = arrived

[vehicle_report]
id = v2
time = 16
speed = 0
kilometrage = 100
faulty = 0
location = arrived

[vehicle_report]
id = v3
time = 16
speed = 0
kilometrage = 100
faulty = 0
location = arrived

# ******* step 16 *******

[junction_report]
id = j1
time = 17
queues = 

[junction_report]
id = j2
time = 17
queues = (r1,green,[])
[road_report]
id = r1
time = 17
state = 
[vehicle_report]
id = v1
time = 17
speed = 0
kilometrage = 100
faulty = 0
location = arrived

[vehicle_report]
id = v2
time = 17
speed = 0
kilometrage = 100
faulty = 0
location = arrived

[vehicle_report]
id = v3
time = 17
speed = 0
kilometrage = 100
faulty = 0
location = arrived

# ******* step 17 *******

[junction_report]
id = j1
time = 18
queues = 

[junction_report]
id = j2
time = 18
queues = (r1,green,[])
[road_report]
id = r1
time = 18
state = 
[vehicle_report]
id = v1
time = 18
speed = 0
kilometrage = 100
faulty = 0
location = arrived

[vehicle_report]
id = v2
time = 18
speed = 0
kilometrage = 100
faulty = 0
location = arrived

[vehicle_report]
id = v3
time = 18
speed = 0
kilometrage = 100
faulty = 0
location = arrived

# ******* step 18 *******

[junction_report]
id = j1
time = 19
queues = 

[junction_report]
id = j2
time = 19
queues = (r1,green,[])
[road_report]
id = r1
time = 19
state = 
[vehicle_report]
id = v1
time = 19
speed = 0
kilometrage = 100
faulty = 0
location = arrived

[vehicle_report]
id = v2
time = 19
speed = 0
kilometrage = 100
faulty = 0
location = arrived

[vehicle_report]
id = v3
time = 19
speed = 0
kilometrage = 100
faulty = 0
location = arrived

# ******* step 19 *******

[junction_report]
id = j1
time = 20
queues = 

[junction_report]
id = j2
time = 20
queues = (r1,green,[])
[road_report]
id = r1
time = 20
state = 
[vehicle_report]
id = v1
time = 20
speed = 0
kilometrage = 100
faulty = 0
location = arrived

[vehicle_report]
id = v2
time = 20
speed = 0
kilometrage = 100
faulty = 0
location = arrived

[vehicle_report]
id = v3
time = 20
speed = 0
kilometrage = 100
faulty = 0
location = arrived

